# JRE version: OpenJDK Runtime Environment (8.0_152-b01) (build 1.8.0_152-release-1248-b01)
# Java VM: OpenJDK 64-Bit Server VM (25.152-b01 mixed mode windows-amd64 compressed oops)
Heap:
 PSYoungGen      total 349696K, used 134403K [0x00000000e0000000, 0x0000000100000000, 0x0000000100000000)
  eden space 175104K, 71% used [0x00000000e0000000,0x00000000e7a527d8,0x00000000eab00000)
  from space 174592K, 5% used [0x00000000f5580000,0x00000000f5e6e500,0x0000000100000000)
  to   space 174592K, 0% used [0x00000000eab00000,0x00000000eab00000,0x00000000f5580000)
 ParOldGen       total 1048576K, used 764053K [0x00000000a0000000, 0x00000000e0000000, 0x00000000e0000000)
  object space 1048576K, 72% used [0x00000000a0000000,0x00000000cea25470,0x00000000e0000000)
 Metaspace       used 93706K, capacity 99221K, committed 99456K, reserved 1136640K
  class space    used 11809K, capacity 12787K, committed 12928K, reserved 1048576K
GC Heap History (10 events):
Event: 6124.396 GC heap before
{Heap before GC invocations=104 (full 39):
 PSYoungGen      total 349696K, used 0K [0x00000000e0000000, 0x0000000100000000, 0x0000000100000000)
  eden space 175104K, 0% used [0x00000000e0000000,0x00000000e0000000,0x00000000eab00000)
  from space 174592K, 0% used [0x00000000f5580000,0x00000000f5580000,0x0000000100000000)
  to   space 174592K, 0% used [0x00000000eab00000,0x00000000eab00000,0x00000000f5580000)
 ParOldGen       total 1048576K, used 762497K [0x00000000a0000000, 0x00000000e0000000, 0x00000000e0000000)
  object space 1048576K, 72% used [0x00000000a0000000,0x00000000ce8a0728,0x00000000e0000000)
 Metaspace       used 92766K, capacity 98197K, committed 98432K, reserved 1134592K
  class space    used 11755K, capacity 12747K, committed 12928K, reserved 1048576K
Event: 6124.403 GC heap after
Heap after GC invocations=104 (full 39):
 PSYoungGen      total 349696K, used 0K [0x00000000e0000000, 0x0000000100000000, 0x0000000100000000)
  eden space 175104K, 0% used [0x00000000e0000000,0x00000000e0000000,0x00000000eab00000)
  from space 174592K, 0% used [0x00000000eab00000,0x00000000eab00000,0x00000000f5580000)
  to   space 174592K, 0% used [0x00000000f5580000,0x00000000f5580000,0x0000000100000000)
 ParOldGen       total 1048576K, used 762497K [0x00000000a0000000, 0x00000000e0000000, 0x00000000e0000000)
  object space 1048576K, 72% used [0x00000000a0000000,0x00000000ce8a0728,0x00000000e0000000)
 Metaspace       used 92766K, capacity 98197K, committed 98432K, reserved 1134592K
  class space    used 11755K, capacity 12747K, committed 12928K, reserved 1048576K
}
Event: 6124.403 GC heap before
{Heap before GC invocations=105 (full 40):
 PSYoungGen      total 349696K, used 0K [0x00000000e0000000, 0x0000000100000000, 0x0000000100000000)
  eden space 175104K, 0% used [0x00000000e0000000,0x00000000e0000000,0x00000000eab00000)
  from space 174592K, 0% used [0x00000000eab00000,0x00000000eab00000,0x00000000f5580000)
  to   space 174592K, 0% used [0x00000000f5580000,0x00000000f5580000,0x0000000100000000)
 ParOldGen       total 1048576K, used 762497K [0x00000000a0000000, 0x00000000e0000000, 0x00000000e0000000)
  object space 1048576K, 72% used [0x00000000a0000000,0x00000000ce8a0728,0x00000000e0000000)
 Metaspace       used 92766K, capacity 98197K, committed 98432K, reserved 1134592K
  class space    used 11755K, capacity 12747K, committed 12928K, reserved 1048576K
Event: 6127.343 GC heap after
Heap after GC invocations=105 (full 40):
 PSYoungGen      total 349696K, used 0K [0x00000000e0000000, 0x0000000100000000, 0x0000000100000000)
  eden space 175104K, 0% used [0x00000000e0000000,0x00000000e0000000,0x00000000eab00000)
  from space 174592K, 0% used [0x00000000eab00000,0x00000000eab00000,0x00000000f5580000)
  to   space 174592K, 0% used [0x00000000f5580000,0x00000000f5580000,0x0000000100000000)
 ParOldGen       total 1048576K, used 758563K [0x00000000a0000000, 0x00000000e0000000, 0x00000000e0000000)
  object space 1048576K, 72% used [0x00000000a0000000,0x00000000ce4c8e60,0x00000000e0000000)
 Metaspace       used 92027K, capacity 96961K, committed 98432K, reserved 1134592K
  class space    used 11641K, capacity 12537K, committed 12928K, reserved 1048576K
}
Event: 6160.582 GC heap before
{Heap before GC invocations=106 (full 40):
 PSYoungGen      total 349696K, used 175104K [0x00000000e0000000, 0x0000000100000000, 0x0000000100000000)
  eden space 175104K, 100% used [0x00000000e0000000,0x00000000eab00000,0x00000000eab00000)
  from space 174592K, 0% used [0x00000000eab00000,0x00000000eab00000,0x00000000f5580000)
  to   space 174592K, 0% used [0x00000000f5580000,0x00000000f5580000,0x0000000100000000)
 ParOldGen       total 1048576K, used 758563K [0x00000000a0000000, 0x00000000e0000000, 0x00000000e0000000)
  object space 1048576K, 72% used [0x00000000a0000000,0x00000000ce4c8e60,0x00000000e0000000)
 Metaspace       used 92834K, capacity 98069K, committed 98944K, reserved 1134592K
  class space    used 11743K, capacity 12695K, committed 12928K, reserved 1048576K
Event: 6160.663 GC heap after
Heap after GC invocations=106 (full 40):
 PSYoungGen      total 349696K, used 10397K [0x00000000e0000000, 0x0000000100000000, 0x0000000100000000)
  eden space 175104K, 0% used [0x00000000e0000000,0x00000000e0000000,0x00000000eab00000)
  from space 174592K, 5% used [0x00000000f5580000,0x00000000f5fa7410,0x0000000100000000)
  to   space 174592K, 0% used [0x00000000eab00000,0x00000000eab00000,0x00000000f5580000)
 ParOldGen       total 1048576K, used 758571K [0x00000000a0000000, 0x00000000e0000000, 0x00000000e0000000)
  object space 1048576K, 72% used [0x00000000a0000000,0x00000000ce4cae60,0x00000000e0000000)
 Metaspace       used 92834K, capacity 98069K, committed 98944K, reserved 1134592K
  class space    used 11743K, capacity 12695K, committed 12928K, reserved 1048576K
}
Event: 6162.616 GC heap before
{Heap before GC invocations=107 (full 40):
 PSYoungGen      total 349696K, used 185501K [0x00000000e0000000, 0x0000000100000000, 0x0000000100000000)
  eden space 175104K, 100% used [0x00000000e0000000,0x00000000eab00000,0x00000000eab00000)
  from space 174592K, 5% used [0x00000000f5580000,0x00000000f5fa7410,0x0000000100000000)
  to   space 174592K, 0% used [0x00000000eab00000,0x00000000eab00000,0x00000000f5580000)
 ParOldGen       total 1048576K, used 758571K [0x00000000a0000000, 0x00000000e0000000, 0x00000000e0000000)
  object space 1048576K, 72% used [0x00000000a0000000,0x00000000ce4cae60,0x00000000e0000000)
 Metaspace       used 93213K, capacity 98405K, committed 99200K, reserved 1136640K
  class space    used 11761K, capacity 12705K, committed 12928K, reserved 1048576K
Event: 6162.634 GC heap after
Heap after GC invocations=107 (full 40):
 PSYoungGen      total 349696K, used 1152K [0x00000000e0000000, 0x0000000100000000, 0x0000000100000000)
  eden space 175104K, 0% used [0x00000000e0000000,0x00000000e0000000,0x00000000eab00000)
  from space 174592K, 0% used [0x00000000eab00000,0x00000000eac20000,0x00000000f5580000)
  to   space 174592K, 0% used [0x00000000f5580000,0x00000000f5580000,0x0000000100000000)
 ParOldGen       total 1048576K, used 763973K [0x00000000a0000000, 0x00000000e0000000, 0x00000000e0000000)
  object space 1048576K, 72% used [0x00000000a0000000,0x00000000cea116c0,0x00000000e0000000)
 Metaspace       used 93213K, capacity 98405K, committed 99200K, reserved 1136640K
  class space    used 11761K, capacity 12705K, committed 12928K, reserved 1048576K
}
Event: 6607.366 GC heap before
{Heap before GC invocations=108 (full 40):
 PSYoungGen      total 349696K, used 176256K [0x00000000e0000000, 0x0000000100000000, 0x0000000100000000)
  eden space 175104K, 100% used [0x00000000e0000000,0x00000000eab00000,0x00000000eab00000)
  from space 174592K, 0% used [0x00000000eab00000,0x00000000eac20000,0x00000000f5580000)
  to   space 174592K, 0% used [0x00000000f5580000,0x00000000f5580000,0x0000000100000000)
 ParOldGen       total 1048576K, used 763973K [0x00000000a0000000, 0x00000000e0000000, 0x00000000e0000000)
  object space 1048576K, 72% used [0x00000000a0000000,0x00000000cea116c0,0x00000000e0000000)
 Metaspace       used 93585K, capacity 98999K, committed 99456K, reserved 1136640K
  class space    used 11801K, capacity 12772K, committed 12928K, reserved 1048576K
Event: 6607.492 GC heap after
Heap after GC invocations=108 (full 40):
 PSYoungGen      total 349696K, used 9145K [0x00000000e0000000, 0x0000000100000000, 0x0000000100000000)
  eden space 175104K, 0% used [0x00000000e0000000,0x00000000e0000000,0x00000000eab00000)
  from space 174592K, 5% used [0x00000000f5580000,0x00000000f5e6e500,0x0000000100000000)
  to   space 174592K, 0% used [0x00000000eab00000,0x00000000eab00000,0x00000000f5580000)
 ParOldGen       total 1048576K, used 764053K [0x00000000a0000000, 0x00000000e0000000, 0x00000000e0000000)
  object space 1048576K, 72% used [0x00000000a0000000,0x00000000cea25470,0x00000000e0000000)
 Metaspace       used 93585K, capacity 98999K, committed 99456K, reserved 1136640K
  class space    used 11801K, capacity 12772K, committed 12928K, reserved 1048576K
}

